<?xml version="1.0" encoding="UTF-8"?>
<!-- Generated by org.testng.reporters.JUnitXMLReporter -->
<testsuite ignored="0" hostname="Ash-pc" failures="0" tests="3" name="Default test" time="15.608" errors="0" timestamp="2024-09-29T17:41:18 EDT">
  <testcase classname="com.crm.qa.testcases.LoginPageTest" name="loginPageTitleTest" time="0.027"/>
  <testcase classname="com.crm.qa.testcases.LoginPageTest" name="crmLogoImageTest" time="0.055"/>
  <testcase classname="com.crm.qa.testcases.LoginPageTest" name="loginTest" time="2.807"/>
</testsuite> <!-- Default test -->
