<?xml version="1.0" encoding="UTF-8"?>
<testng-results ignored="0" total="11" passed="11" failed="0" skipped="0">
  <reporter-output>
  </reporter-output>
  <suite started-at="2024-09-30T16:42:06 EDT" name="Suite" finished-at="2024-09-30T16:44:43 EDT" duration-ms="157145">
    <groups>
    </groups>
    <test started-at="2024-09-30T16:42:06 EDT" name="Test" finished-at="2024-09-30T16:44:43 EDT" duration-ms="157145">
      <class name="com.crm.qa.testcases.HomePageTest">
        <test-method is-config="true" signature="setup()[pri:0, instance:com.crm.qa.testcases.HomePageTest@4c1f22f3]" started-at="2024-09-30T16:42:29 EDT" name="setup" finished-at="2024-09-30T16:42:40 EDT" duration-ms="11326" status="PASS">
          <reporter-output>
          </reporter-output>
        </test-method> <!-- setup -->
        <test-method signature="verifyHomePageTitleTest()[pri:1, instance:com.crm.qa.testcases.HomePageTest@4c1f22f3]" started-at="2024-09-30T16:42:40 EDT" name="verifyHomePageTitleTest" finished-at="2024-09-30T16:42:40 EDT" duration-ms="6" status="PASS">
          <reporter-output>
          </reporter-output>
        </test-method> <!-- verifyHomePageTitleTest -->
        <test-method is-config="true" signature="tearDown()[pri:0, instance:com.crm.qa.testcases.HomePageTest@4c1f22f3]" started-at="2024-09-30T16:42:40 EDT" name="tearDown" finished-at="2024-09-30T16:42:40 EDT" duration-ms="143" status="PASS">
          <reporter-output>
          </reporter-output>
        </test-method> <!-- tearDown -->
        <test-method is-config="true" signature="setup()[pri:0, instance:com.crm.qa.testcases.HomePageTest@4c1f22f3]" started-at="2024-09-30T16:42:40 EDT" name="setup" finished-at="2024-09-30T16:42:51 EDT" duration-ms="11242" status="PASS">
          <reporter-output>
          </reporter-output>
        </test-method> <!-- setup -->
        <test-method signature="verifyUserNameTest()[pri:2, instance:com.crm.qa.testcases.HomePageTest@4c1f22f3]" started-at="2024-09-30T16:42:51 EDT" name="verifyUserNameTest" finished-at="2024-09-30T16:42:52 EDT" duration-ms="137" status="PASS">
          <reporter-output>
          </reporter-output>
        </test-method> <!-- verifyUserNameTest -->
        <test-method is-config="true" signature="tearDown()[pri:0, instance:com.crm.qa.testcases.HomePageTest@4c1f22f3]" started-at="2024-09-30T16:42:52 EDT" name="tearDown" finished-at="2024-09-30T16:42:52 EDT" duration-ms="253" status="PASS">
          <reporter-output>
          </reporter-output>
        </test-method> <!-- tearDown -->
        <test-method is-config="true" signature="setup()[pri:0, instance:com.crm.qa.testcases.HomePageTest@4c1f22f3]" started-at="2024-09-30T16:42:52 EDT" name="setup" finished-at="2024-09-30T16:43:04 EDT" duration-ms="11989" status="PASS">
          <reporter-output>
          </reporter-output>
        </test-method> <!-- setup -->
        <test-method signature="verifyContactsLinkTest()[pri:3, instance:com.crm.qa.testcases.HomePageTest@4c1f22f3]" started-at="2024-09-30T16:43:04 EDT" name="verifyContactsLinkTest" finished-at="2024-09-30T16:43:05 EDT" duration-ms="1463" status="PASS">
          <reporter-output>
          </reporter-output>
        </test-method> <!-- verifyContactsLinkTest -->
        <test-method is-config="true" signature="tearDown()[pri:0, instance:com.crm.qa.testcases.HomePageTest@4c1f22f3]" started-at="2024-09-30T16:43:05 EDT" name="tearDown" finished-at="2024-09-30T16:43:07 EDT" duration-ms="1872" status="PASS">
          <reporter-output>
          </reporter-output>
        </test-method> <!-- tearDown -->
      </class> <!-- com.crm.qa.testcases.HomePageTest -->
      <class name="com.crm.qa.testcases.ContactsPageTest">
        <test-method is-config="true" signature="setup()[pri:0, instance:com.crm.qa.testcases.ContactsPageTest@598bd2ba]" started-at="2024-09-30T16:43:07 EDT" name="setup" finished-at="2024-09-30T16:43:19 EDT" duration-ms="11442" status="PASS">
          <reporter-output>
          </reporter-output>
        </test-method> <!-- setup -->
        <test-method signature="verifyContactsPageLabelTest()[pri:1, instance:com.crm.qa.testcases.ContactsPageTest@598bd2ba]" started-at="2024-09-30T16:43:19 EDT" name="verifyContactsPageLabelTest" finished-at="2024-09-30T16:43:20 EDT" duration-ms="1471" status="PASS">
          <reporter-output>
          </reporter-output>
        </test-method> <!-- verifyContactsPageLabelTest -->
        <test-method is-config="true" signature="tearDown()[pri:0, instance:com.crm.qa.testcases.ContactsPageTest@598bd2ba]" started-at="2024-09-30T16:43:20 EDT" name="tearDown" finished-at="2024-09-30T16:43:22 EDT" duration-ms="1754" status="PASS">
          <reporter-output>
          </reporter-output>
        </test-method> <!-- tearDown -->
        <test-method is-config="true" signature="setup()[pri:0, instance:com.crm.qa.testcases.ContactsPageTest@598bd2ba]" started-at="2024-09-30T16:43:22 EDT" name="setup" finished-at="2024-09-30T16:43:33 EDT" duration-ms="11102" status="PASS">
          <reporter-output>
          </reporter-output>
        </test-method> <!-- setup -->
        <test-method signature="selectContactByNameTest()[pri:2, instance:com.crm.qa.testcases.ContactsPageTest@598bd2ba]" started-at="2024-09-30T16:43:33 EDT" name="selectContactByNameTest" finished-at="2024-09-30T16:43:34 EDT" duration-ms="1467" status="PASS">
          <reporter-output>
          </reporter-output>
        </test-method> <!-- selectContactByNameTest -->
        <test-method is-config="true" signature="tearDown()[pri:0, instance:com.crm.qa.testcases.ContactsPageTest@598bd2ba]" started-at="2024-09-30T16:43:34 EDT" name="tearDown" finished-at="2024-09-30T16:43:35 EDT" duration-ms="218" status="PASS">
          <reporter-output>
          </reporter-output>
        </test-method> <!-- tearDown -->
        <test-method is-config="true" signature="setup()[pri:0, instance:com.crm.qa.testcases.ContactsPageTest@598bd2ba]" started-at="2024-09-30T16:43:35 EDT" name="setup" finished-at="2024-09-30T16:43:47 EDT" duration-ms="11700" status="PASS">
          <reporter-output>
          </reporter-output>
        </test-method> <!-- setup -->
        <test-method signature="validateCreateNewContact(java.lang.String,java.lang.String,java.lang.String,java.lang.String)[pri:3, instance:com.crm.qa.testcases.ContactsPageTest@598bd2ba]" started-at="2024-09-30T16:43:47 EDT" name="validateCreateNewContact" data-provider="getCRMTestData" finished-at="2024-09-30T16:44:01 EDT" duration-ms="14068" status="PASS">
          <params>
            <param index="0">
              <value>
                <![CDATA[Mr. ]]>
              </value>
            </param>
            <param index="1">
              <value>
                <![CDATA[Tom]]>
              </value>
            </param>
            <param index="2">
              <value>
                <![CDATA[Peter]]>
              </value>
            </param>
            <param index="3">
              <value>
                <![CDATA[Google]]>
              </value>
            </param>
          </params>
          <reporter-output>
          </reporter-output>
        </test-method> <!-- validateCreateNewContact -->
        <test-method is-config="true" signature="tearDown()[pri:0, instance:com.crm.qa.testcases.ContactsPageTest@598bd2ba]" started-at="2024-09-30T16:44:01 EDT" name="tearDown" finished-at="2024-09-30T16:44:01 EDT" duration-ms="242" status="PASS">
          <reporter-output>
          </reporter-output>
        </test-method> <!-- tearDown -->
        <test-method is-config="true" signature="setup()[pri:0, instance:com.crm.qa.testcases.ContactsPageTest@598bd2ba]" started-at="2024-09-30T16:44:01 EDT" name="setup" finished-at="2024-09-30T16:44:12 EDT" duration-ms="10820" status="PASS">
          <reporter-output>
          </reporter-output>
        </test-method> <!-- setup -->
        <test-method signature="validateCreateNewContact(java.lang.String,java.lang.String,java.lang.String,java.lang.String)[pri:3, instance:com.crm.qa.testcases.ContactsPageTest@598bd2ba]" started-at="2024-09-30T16:44:12 EDT" name="validateCreateNewContact" data-provider="getCRMTestData" finished-at="2024-09-30T16:44:16 EDT" duration-ms="4302" status="PASS">
          <params>
            <param index="0">
              <value>
                <![CDATA[Dr.]]>
              </value>
            </param>
            <param index="1">
              <value>
                <![CDATA[Jackson]]>
              </value>
            </param>
            <param index="2">
              <value>
                <![CDATA[Cris]]>
              </value>
            </param>
            <param index="3">
              <value>
                <![CDATA[Amazon]]>
              </value>
            </param>
          </params>
          <reporter-output>
          </reporter-output>
        </test-method> <!-- validateCreateNewContact -->
        <test-method is-config="true" signature="tearDown()[pri:0, instance:com.crm.qa.testcases.ContactsPageTest@598bd2ba]" started-at="2024-09-30T16:44:16 EDT" name="tearDown" finished-at="2024-09-30T16:44:17 EDT" duration-ms="206" status="PASS">
          <reporter-output>
          </reporter-output>
        </test-method> <!-- tearDown -->
        <test-method is-config="true" signature="setup()[pri:0, instance:com.crm.qa.testcases.ContactsPageTest@598bd2ba]" started-at="2024-09-30T16:44:17 EDT" name="setup" finished-at="2024-09-30T16:44:28 EDT" duration-ms="11721" status="PASS">
          <reporter-output>
          </reporter-output>
        </test-method> <!-- setup -->
        <test-method signature="validateCreateNewContact(java.lang.String,java.lang.String,java.lang.String,java.lang.String)[pri:3, instance:com.crm.qa.testcases.ContactsPageTest@598bd2ba]" started-at="2024-09-30T16:44:28 EDT" name="validateCreateNewContact" data-provider="getCRMTestData" finished-at="2024-09-30T16:44:43 EDT" duration-ms="14291" status="PASS">
          <params>
            <param index="0">
              <value>
                <![CDATA[Mrs. ]]>
              </value>
            </param>
            <param index="1">
              <value>
                <![CDATA[Mukta]]>
              </value>
            </param>
            <param index="2">
              <value>
                <![CDATA[Sharma]]>
              </value>
            </param>
            <param index="3">
              <value>
                <![CDATA[Ben]]>
              </value>
            </param>
          </params>
          <reporter-output>
          </reporter-output>
        </test-method> <!-- validateCreateNewContact -->
        <test-method is-config="true" signature="tearDown()[pri:0, instance:com.crm.qa.testcases.ContactsPageTest@598bd2ba]" started-at="2024-09-30T16:44:43 EDT" name="tearDown" finished-at="2024-09-30T16:44:43 EDT" duration-ms="217" status="PASS">
          <reporter-output>
          </reporter-output>
        </test-method> <!-- tearDown -->
      </class> <!-- com.crm.qa.testcases.ContactsPageTest -->
      <class name="com.crm.qa.testcases.LoginPageTest">
        <test-method is-config="true" signature="setupSuite()[pri:0, instance:com.crm.qa.testcases.LoginPageTest@32c4e8b2]" started-at="2024-09-30T16:42:05 EDT" name="setupSuite" finished-at="2024-09-30T16:42:06 EDT" duration-ms="259" status="PASS">
          <reporter-output>
          </reporter-output>
        </test-method> <!-- setupSuite -->
        <test-method is-config="true" signature="setup()[pri:0, instance:com.crm.qa.testcases.LoginPageTest@32c4e8b2]" started-at="2024-09-30T16:42:06 EDT" name="setup" finished-at="2024-09-30T16:42:12 EDT" duration-ms="5992" status="PASS">
          <reporter-output>
          </reporter-output>
        </test-method> <!-- setup -->
        <test-method signature="loginPageTitleTest()[pri:1, instance:com.crm.qa.testcases.LoginPageTest@32c4e8b2]" started-at="2024-09-30T16:42:12 EDT" name="loginPageTitleTest" finished-at="2024-09-30T16:42:12 EDT" duration-ms="18" status="PASS">
          <reporter-output>
          </reporter-output>
        </test-method> <!-- loginPageTitleTest -->
        <test-method is-config="true" signature="tearDown()[pri:0, instance:com.crm.qa.testcases.LoginPageTest@32c4e8b2]" started-at="2024-09-30T16:42:12 EDT" name="tearDown" finished-at="2024-09-30T16:42:12 EDT" duration-ms="223" status="PASS">
          <reporter-output>
          </reporter-output>
        </test-method> <!-- tearDown -->
        <test-method is-config="true" signature="setup()[pri:0, instance:com.crm.qa.testcases.LoginPageTest@32c4e8b2]" started-at="2024-09-30T16:42:12 EDT" name="setup" finished-at="2024-09-30T16:42:17 EDT" duration-ms="4956" status="PASS">
          <reporter-output>
          </reporter-output>
        </test-method> <!-- setup -->
        <test-method signature="crmLogoImageTest()[pri:2, instance:com.crm.qa.testcases.LoginPageTest@32c4e8b2]" started-at="2024-09-30T16:42:17 EDT" name="crmLogoImageTest" finished-at="2024-09-30T16:42:17 EDT" duration-ms="61" status="PASS">
          <reporter-output>
          </reporter-output>
        </test-method> <!-- crmLogoImageTest -->
        <test-method is-config="true" signature="tearDown()[pri:0, instance:com.crm.qa.testcases.LoginPageTest@32c4e8b2]" started-at="2024-09-30T16:42:17 EDT" name="tearDown" finished-at="2024-09-30T16:42:17 EDT" duration-ms="159" status="PASS">
          <reporter-output>
          </reporter-output>
        </test-method> <!-- tearDown -->
        <test-method is-config="true" signature="setup()[pri:0, instance:com.crm.qa.testcases.LoginPageTest@32c4e8b2]" started-at="2024-09-30T16:42:17 EDT" name="setup" finished-at="2024-09-30T16:42:22 EDT" duration-ms="4887" status="PASS">
          <reporter-output>
          </reporter-output>
        </test-method> <!-- setup -->
        <test-method signature="loginTest()[pri:3, instance:com.crm.qa.testcases.LoginPageTest@32c4e8b2]" started-at="2024-09-30T16:42:22 EDT" name="loginTest" finished-at="2024-09-30T16:42:28 EDT" duration-ms="6243" status="PASS">
          <reporter-output>
          </reporter-output>
        </test-method> <!-- loginTest -->
        <test-method is-config="true" signature="tearDown()[pri:0, instance:com.crm.qa.testcases.LoginPageTest@32c4e8b2]" started-at="2024-09-30T16:42:28 EDT" name="tearDown" finished-at="2024-09-30T16:42:29 EDT" duration-ms="429" status="PASS">
          <reporter-output>
          </reporter-output>
        </test-method> <!-- tearDown -->
        <test-method is-config="true" signature="tearDownSuite()[pri:0, instance:com.crm.qa.testcases.LoginPageTest@32c4e8b2]" started-at="2024-09-30T16:44:43 EDT" name="tearDownSuite" finished-at="2024-09-30T16:44:43 EDT" duration-ms="18" status="PASS">
          <reporter-output>
          </reporter-output>
        </test-method> <!-- tearDownSuite -->
      </class> <!-- com.crm.qa.testcases.LoginPageTest -->
    </test> <!-- Test -->
  </suite> <!-- Suite -->
</testng-results>
