<?xml version="1.0" encoding="UTF-8"?>
<testsuite xmlns:xsi="http://www.w3.org/2001/XMLSchema-instance" xsi:noNamespaceSchemaLocation="https://maven.apache.org/surefire/maven-surefire-plugin/xsd/surefire-test-report-3.0.xsd" version="3.0" name="TestSuite" time="158.734" tests="11" errors="0" skipped="0" failures="0">
  <properties>
[...]
</properties>
  <testcase name="loginPageTitleTest" classname="com.crm.qa.testcases.LoginPageTest" time="0.021">
    <system-out><![CDATA[After Navigating to URl: https://classic.freecrm.com/
]]></system-out>
    <system-err><![CDATA[Sep. 30, 2024 4:42:08 P.M. org.openqa.selenium.devtools.CdpVersionFinder findNearestMatch
WARNING: Unable to find an exact match for CDP version 129, returning the closest version; found: 128; Please update to a Selenium version that supports CDP version 129
]]></system-err>
  </testcase>
  <testcase name="crmLogoImageTest" classname="com.crm.qa.testcases.LoginPageTest" time="0.06">
    <system-out><![CDATA[After Navigating to URl: https://classic.freecrm.com/
]]></system-out>
    <system-err><![CDATA[Sep. 30, 2024 4:42:13 P.M. org.openqa.selenium.devtools.CdpVersionFinder findNearestMatch
WARNING: Unable to find an exact match for CDP version 129, returning the closest version; found: 128; Please update to a Selenium version that supports CDP version 129
]]></system-err>
  </testcase>
  <testcase name="loginTest" classname="com.crm.qa.testcases.LoginPageTest" time="6.244">
    <system-out><![CDATA[After Navigating to URl: https://classic.freecrm.com/
After entering values for element: [[ChromeDriver: chrome on windows (c980a0f998af03176a660448e08cde6f)] -> name: username]  entered values as: 
groupautomation 
After entering values for element: [[ChromeDriver: chrome on windows (c980a0f998af03176a660448e08cde6f)] -> name: password]  entered values as: 
Test@12345 
Before clicking on : [[ChromeDriver: chrome on windows (c980a0f998af03176a660448e08cde6f)] -> xpath: //input[@type='submit']]
After clicking on : [[ChromeDriver: chrome on windows (c980a0f998af03176a660448e08cde6f)] -> xpath: //input[@type='submit']]
]]></system-out>
    <system-err><![CDATA[Sep. 30, 2024 4:42:18 P.M. org.openqa.selenium.devtools.CdpVersionFinder findNearestMatch
WARNING: Unable to find an exact match for CDP version 129, returning the closest version; found: 128; Please update to a Selenium version that supports CDP version 129
]]></system-err>
  </testcase>
  <testcase name="verifyHomePageTitleTest" classname="com.crm.qa.testcases.HomePageTest" time="0.006">
    <system-out><![CDATA[After Navigating to URl: https://classic.freecrm.com/
After entering values for element: [[ChromeDriver: chrome on windows (513c7529fa29955bc08d2bd223179982)] -> name: username]  entered values as: 
groupautomation 
After entering values for element: [[ChromeDriver: chrome on windows (513c7529fa29955bc08d2bd223179982)] -> name: password]  entered values as: 
Test@12345 
Before clicking on : [[ChromeDriver: chrome on windows (513c7529fa29955bc08d2bd223179982)] -> xpath: //input[@type='submit']]
After clicking on : [[ChromeDriver: chrome on windows (513c7529fa29955bc08d2bd223179982)] -> xpath: //input[@type='submit']]
]]></system-out>
    <system-err><![CDATA[Sep. 30, 2024 4:42:30 P.M. org.openqa.selenium.devtools.CdpVersionFinder findNearestMatch
WARNING: Unable to find an exact match for CDP version 129, returning the closest version; found: 128; Please update to a Selenium version that supports CDP version 129
]]></system-err>
  </testcase>
  <testcase name="verifyUserNameTest" classname="com.crm.qa.testcases.HomePageTest" time="0.141">
    <system-out><![CDATA[After Navigating to URl: https://classic.freecrm.com/
After entering values for element: [[ChromeDriver: chrome on windows (7d0b19de6babafbe5d7c612c2261b606)] -> name: username]  entered values as: 
groupautomation 
After entering values for element: [[ChromeDriver: chrome on windows (7d0b19de6babafbe5d7c612c2261b606)] -> name: password]  entered values as: 
Test@12345 
Before clicking on : [[ChromeDriver: chrome on windows (7d0b19de6babafbe5d7c612c2261b606)] -> xpath: //input[@type='submit']]
After clicking on : [[ChromeDriver: chrome on windows (7d0b19de6babafbe5d7c612c2261b606)] -> xpath: //input[@type='submit']]
After switching to frame mainpanel
switched to iframe successfully
]]></system-out>
    <system-err><![CDATA[Sep. 30, 2024 4:42:42 P.M. org.openqa.selenium.devtools.CdpVersionFinder findNearestMatch
WARNING: Unable to find an exact match for CDP version 129, returning the closest version; found: 128; Please update to a Selenium version that supports CDP version 129
]]></system-err>
  </testcase>
  <testcase name="verifyContactsLinkTest" classname="com.crm.qa.testcases.HomePageTest" time="1.461">
    <system-out><![CDATA[After Navigating to URl: https://classic.freecrm.com/
After entering values for element: [[ChromeDriver: chrome on windows (48246c25c3fa93b51315e4b635703905)] -> name: username]  entered values as: 
groupautomation 
After entering values for element: [[ChromeDriver: chrome on windows (48246c25c3fa93b51315e4b635703905)] -> name: password]  entered values as: 
Test@12345 
Before clicking on : [[ChromeDriver: chrome on windows (48246c25c3fa93b51315e4b635703905)] -> xpath: //input[@type='submit']]
After clicking on : [[ChromeDriver: chrome on windows (48246c25c3fa93b51315e4b635703905)] -> xpath: //input[@type='submit']]
After switching to frame mainpanel
Before clicking on : [[ChromeDriver: chrome on windows (48246c25c3fa93b51315e4b635703905)] -> xpath: //a[contains(text(),'Contacts')]]
After clicking on : [[ChromeDriver: chrome on windows (48246c25c3fa93b51315e4b635703905)] -> xpath: //a[contains(text(),'Contacts')]]
]]></system-out>
    <system-err><![CDATA[Sep. 30, 2024 4:42:53 P.M. org.openqa.selenium.devtools.CdpVersionFinder findNearestMatch
WARNING: Unable to find an exact match for CDP version 129, returning the closest version; found: 128; Please update to a Selenium version that supports CDP version 129
]]></system-err>
  </testcase>
  <testcase name="verifyContactsPageLabelTest" classname="com.crm.qa.testcases.ContactsPageTest" time="1.473">
    <system-out><![CDATA[After Navigating to URl: https://classic.freecrm.com/
After entering values for element: [[ChromeDriver: chrome on windows (f6e8404c66ce9e798ce4983081c4d3c1)] -> name: username]  entered values as: 
groupautomation 
After entering values for element: [[ChromeDriver: chrome on windows (f6e8404c66ce9e798ce4983081c4d3c1)] -> name: password]  entered values as: 
Test@12345 
Before clicking on : [[ChromeDriver: chrome on windows (f6e8404c66ce9e798ce4983081c4d3c1)] -> xpath: //input[@type='submit']]
After clicking on : [[ChromeDriver: chrome on windows (f6e8404c66ce9e798ce4983081c4d3c1)] -> xpath: //input[@type='submit']]
After switching to frame mainpanel
Before clicking on : [[ChromeDriver: chrome on windows (f6e8404c66ce9e798ce4983081c4d3c1)] -> xpath: //a[contains(text(),'Contacts')]]
After clicking on : [[ChromeDriver: chrome on windows (f6e8404c66ce9e798ce4983081c4d3c1)] -> xpath: //a[contains(text(),'Contacts')]]
]]></system-out>
    <system-err><![CDATA[Sep. 30, 2024 4:43:09 P.M. org.openqa.selenium.devtools.CdpVersionFinder findNearestMatch
WARNING: Unable to find an exact match for CDP version 129, returning the closest version; found: 128; Please update to a Selenium version that supports CDP version 129
]]></system-err>
  </testcase>
  <testcase name="selectContactByNameTest" classname="com.crm.qa.testcases.ContactsPageTest" time="1.468">
    <system-out><![CDATA[After Navigating to URl: https://classic.freecrm.com/
After entering values for element: [[ChromeDriver: chrome on windows (c204de864cd544563ee80516935e7301)] -> name: username]  entered values as: 
groupautomation 
After entering values for element: [[ChromeDriver: chrome on windows (c204de864cd544563ee80516935e7301)] -> name: password]  entered values as: 
Test@12345 
Before clicking on : [[ChromeDriver: chrome on windows (c204de864cd544563ee80516935e7301)] -> xpath: //input[@type='submit']]
After clicking on : [[ChromeDriver: chrome on windows (c204de864cd544563ee80516935e7301)] -> xpath: //input[@type='submit']]
After switching to frame mainpanel
Before clicking on : [[ChromeDriver: chrome on windows (c204de864cd544563ee80516935e7301)] -> xpath: //a[contains(text(),'Contacts')]]
After clicking on : [[ChromeDriver: chrome on windows (c204de864cd544563ee80516935e7301)] -> xpath: //a[contains(text(),'Contacts')]]
Before clicking on : [[ChromeDriver: chrome on windows (c204de864cd544563ee80516935e7301)] -> xpath: //a[@_name='Akshay Singh']/parent::td/preceding-sibling::td[1]//input[@type='checkbox']
]
After clicking on : [[ChromeDriver: chrome on windows (c204de864cd544563ee80516935e7301)] -> xpath: //a[@_name='Akshay Singh']/parent::td/preceding-sibling::td[1]//input[@type='checkbox']
]
Before clicking on : [[ChromeDriver: chrome on windows (c204de864cd544563ee80516935e7301)] -> xpath: //a[@_name='Alex Berth']/parent::td/preceding-sibling::td[1]//input[@type='checkbox']
]
After clicking on : [[ChromeDriver: chrome on windows (c204de864cd544563ee80516935e7301)] -> xpath: //a[@_name='Alex Berth']/parent::td/preceding-sibling::td[1]//input[@type='checkbox']
]
]]></system-out>
    <system-err><![CDATA[Sep. 30, 2024 4:43:23 P.M. org.openqa.selenium.devtools.CdpVersionFinder findNearestMatch
WARNING: Unable to find an exact match for CDP version 129, returning the closest version; found: 128; Please update to a Selenium version that supports CDP version 129
]]></system-err>
  </testcase>
  <testcase name="validateCreateNewContact[Mr. , Tom, Peter, Google](1)" classname="com.crm.qa.testcases.ContactsPageTest" time="14.069">
    <system-out><![CDATA[After Navigating to URl: https://classic.freecrm.com/
After entering values for element: [[ChromeDriver: chrome on windows (0fe989127e434871206453e9933767e1)] -> name: username]  entered values as: 
groupautomation 
After entering values for element: [[ChromeDriver: chrome on windows (0fe989127e434871206453e9933767e1)] -> name: password]  entered values as: 
Test@12345 
Before clicking on : [[ChromeDriver: chrome on windows (0fe989127e434871206453e9933767e1)] -> xpath: //input[@type='submit']]
After clicking on : [[ChromeDriver: chrome on windows (0fe989127e434871206453e9933767e1)] -> xpath: //input[@type='submit']]
After switching to frame mainpanel
Before clicking on : [[ChromeDriver: chrome on windows (0fe989127e434871206453e9933767e1)] -> xpath: //a[contains(text(),'New Contact')]]
After clicking on : [[ChromeDriver: chrome on windows (0fe989127e434871206453e9933767e1)] -> xpath: //a[contains(text(),'New Contact')]]
Before clicking on : [[[[ChromeDriver: chrome on windows (0fe989127e434871206453e9933767e1)] -> name: title]] -> xpath: .//option[contains(., "Mr.")]]
After clicking on : [[[[ChromeDriver: chrome on windows (0fe989127e434871206453e9933767e1)] -> name: title]] -> xpath: .//option[contains(., "Mr.")]]
After entering values for element: [[ChromeDriver: chrome on windows (0fe989127e434871206453e9933767e1)] -> id: first_name]  entered values as: 
Tom 
After entering values for element: [[ChromeDriver: chrome on windows (0fe989127e434871206453e9933767e1)] -> id: surname]  entered values as: 
Peter 
After entering values for element: [[ChromeDriver: chrome on windows (0fe989127e434871206453e9933767e1)] -> name: client_lookup]  entered values as: 
Google 
Before clicking on : [[ChromeDriver: chrome on windows (0fe989127e434871206453e9933767e1)] -> xpath: //input[@type='submit' and @value='Save']]
After clicking on : [[ChromeDriver: chrome on windows (0fe989127e434871206453e9933767e1)] -> xpath: //input[@type='submit' and @value='Save']]
]]></system-out>
    <system-err><![CDATA[Sep. 30, 2024 4:43:37 P.M. org.openqa.selenium.devtools.CdpVersionFinder findNearestMatch
WARNING: Unable to find an exact match for CDP version 129, returning the closest version; found: 128; Please update to a Selenium version that supports CDP version 129
]]></system-err>
  </testcase>
  <testcase name="validateCreateNewContact[Dr., Jackson, Cris, Amazon](2)" classname="com.crm.qa.testcases.ContactsPageTest" time="4.301">
    <system-out><![CDATA[After Navigating to URl: https://classic.freecrm.com/
After entering values for element: [[ChromeDriver: chrome on windows (ae6450a0677ede3b6ae294ba4c84ffa2)] -> name: username]  entered values as: 
groupautomation 
After entering values for element: [[ChromeDriver: chrome on windows (ae6450a0677ede3b6ae294ba4c84ffa2)] -> name: password]  entered values as: 
Test@12345 
Before clicking on : [[ChromeDriver: chrome on windows (ae6450a0677ede3b6ae294ba4c84ffa2)] -> xpath: //input[@type='submit']]
After clicking on : [[ChromeDriver: chrome on windows (ae6450a0677ede3b6ae294ba4c84ffa2)] -> xpath: //input[@type='submit']]
After switching to frame mainpanel
Before clicking on : [[ChromeDriver: chrome on windows (ae6450a0677ede3b6ae294ba4c84ffa2)] -> xpath: //a[contains(text(),'New Contact')]]
After clicking on : [[ChromeDriver: chrome on windows (ae6450a0677ede3b6ae294ba4c84ffa2)] -> xpath: //a[contains(text(),'New Contact')]]
Before clicking on : [[[[ChromeDriver: chrome on windows (ae6450a0677ede3b6ae294ba4c84ffa2)] -> name: title]] -> xpath: .//option[normalize-space(.) = "Dr."]]
After clicking on : [[[[ChromeDriver: chrome on windows (ae6450a0677ede3b6ae294ba4c84ffa2)] -> name: title]] -> xpath: .//option[normalize-space(.) = "Dr."]]
After entering values for element: [[ChromeDriver: chrome on windows (ae6450a0677ede3b6ae294ba4c84ffa2)] -> id: first_name]  entered values as: 
Jackson 
After entering values for element: [[ChromeDriver: chrome on windows (ae6450a0677ede3b6ae294ba4c84ffa2)] -> id: surname]  entered values as: 
Cris 
After entering values for element: [[ChromeDriver: chrome on windows (ae6450a0677ede3b6ae294ba4c84ffa2)] -> name: client_lookup]  entered values as: 
Amazon 
Before clicking on : [[ChromeDriver: chrome on windows (ae6450a0677ede3b6ae294ba4c84ffa2)] -> xpath: //input[@type='submit' and @value='Save']]
After clicking on : [[ChromeDriver: chrome on windows (ae6450a0677ede3b6ae294ba4c84ffa2)] -> xpath: //input[@type='submit' and @value='Save']]
]]></system-out>
    <system-err><![CDATA[Sep. 30, 2024 4:44:02 P.M. org.openqa.selenium.devtools.CdpVersionFinder findNearestMatch
WARNING: Unable to find an exact match for CDP version 129, returning the closest version; found: 128; Please update to a Selenium version that supports CDP version 129
]]></system-err>
  </testcase>
  <testcase name="validateCreateNewContact[Mrs. , Mukta, Sharma, Ben](3)" classname="com.crm.qa.testcases.ContactsPageTest" time="14.289">
    <system-out><![CDATA[After Navigating to URl: https://classic.freecrm.com/
After entering values for element: [[ChromeDriver: chrome on windows (9d2e4824d956caea6c6bda54bd3da9b9)] -> name: username]  entered values as: 
groupautomation 
After entering values for element: [[ChromeDriver: chrome on windows (9d2e4824d956caea6c6bda54bd3da9b9)] -> name: password]  entered values as: 
Test@12345 
Before clicking on : [[ChromeDriver: chrome on windows (9d2e4824d956caea6c6bda54bd3da9b9)] -> xpath: //input[@type='submit']]
After clicking on : [[ChromeDriver: chrome on windows (9d2e4824d956caea6c6bda54bd3da9b9)] -> xpath: //input[@type='submit']]
After switching to frame mainpanel
Before clicking on : [[ChromeDriver: chrome on windows (9d2e4824d956caea6c6bda54bd3da9b9)] -> xpath: //a[contains(text(),'New Contact')]]
After clicking on : [[ChromeDriver: chrome on windows (9d2e4824d956caea6c6bda54bd3da9b9)] -> xpath: //a[contains(text(),'New Contact')]]
Before clicking on : [[[[ChromeDriver: chrome on windows (9d2e4824d956caea6c6bda54bd3da9b9)] -> name: title]] -> xpath: .//option[contains(., "Mrs.")]]
After clicking on : [[[[ChromeDriver: chrome on windows (9d2e4824d956caea6c6bda54bd3da9b9)] -> name: title]] -> xpath: .//option[contains(., "Mrs.")]]
After entering values for element: [[ChromeDriver: chrome on windows (9d2e4824d956caea6c6bda54bd3da9b9)] -> id: first_name]  entered values as: 
Mukta 
After entering values for element: [[ChromeDriver: chrome on windows (9d2e4824d956caea6c6bda54bd3da9b9)] -> id: surname]  entered values as: 
Sharma 
After entering values for element: [[ChromeDriver: chrome on windows (9d2e4824d956caea6c6bda54bd3da9b9)] -> name: client_lookup]  entered values as: 
Ben 
Before clicking on : [[ChromeDriver: chrome on windows (9d2e4824d956caea6c6bda54bd3da9b9)] -> xpath: //input[@type='submit' and @value='Save']]
After clicking on : [[ChromeDriver: chrome on windows (9d2e4824d956caea6c6bda54bd3da9b9)] -> xpath: //input[@type='submit' and @value='Save']]
]]></system-out>
    <system-err><![CDATA[Sep. 30, 2024 4:44:18 P.M. org.openqa.selenium.devtools.CdpVersionFinder findNearestMatch
WARNING: Unable to find an exact match for CDP version 129, returning the closest version; found: 128; Please update to a Selenium version that supports CDP version 129
]]></system-err>
  </testcase>
</testsuite>