<?xml version="1.0" encoding="UTF-8"?>
<testng-results ignored="4" total="15" passed="11" failed="0" skipped="0">
  <reporter-output>
  </reporter-output>
  <suite started-at="2024-09-29T17:49:10 EDT" name="Suite" finished-at="2024-09-29T17:51:11 EDT" duration-ms="121111">
    <groups>
    </groups>
    <test started-at="2024-09-29T17:49:10 EDT" name="Test" finished-at="2024-09-29T17:51:11 EDT" duration-ms="121111">
      <class name="com.crm.qa.testcases.HomePageTest">
        <test-method is-config="true" signature="setup()[pri:0, instance:com.crm.qa.testcases.HomePageTest@117159c0]" started-at="2024-09-29T17:49:25 EDT" name="setup" finished-at="2024-09-29T17:49:34 EDT" duration-ms="8670" status="PASS">
          <reporter-output>
          </reporter-output>
        </test-method> <!-- setup -->
        <test-method signature="verifyHomePageTitleTest()[pri:1, instance:com.crm.qa.testcases.HomePageTest@117159c0]" started-at="2024-09-29T17:49:34 EDT" name="verifyHomePageTitleTest" finished-at="2024-09-29T17:49:34 EDT" duration-ms="10" status="PASS">
          <reporter-output>
          </reporter-output>
        </test-method> <!-- verifyHomePageTitleTest -->
        <test-method is-config="true" signature="tearDown()[pri:0, instance:com.crm.qa.testcases.HomePageTest@117159c0]" started-at="2024-09-29T17:49:34 EDT" name="tearDown" finished-at="2024-09-29T17:49:34 EDT" duration-ms="166" status="PASS">
          <reporter-output>
          </reporter-output>
        </test-method> <!-- tearDown -->
        <test-method is-config="true" signature="setup()[pri:0, instance:com.crm.qa.testcases.HomePageTest@117159c0]" started-at="2024-09-29T17:49:34 EDT" name="setup" finished-at="2024-09-29T17:49:42 EDT" duration-ms="8399" status="PASS">
          <reporter-output>
          </reporter-output>
        </test-method> <!-- setup -->
        <test-method signature="verifyUserNameTest()[pri:2, instance:com.crm.qa.testcases.HomePageTest@117159c0]" started-at="2024-09-29T17:49:42 EDT" name="verifyUserNameTest" finished-at="2024-09-29T17:49:42 EDT" duration-ms="76" status="PASS">
          <reporter-output>
          </reporter-output>
        </test-method> <!-- verifyUserNameTest -->
        <test-method is-config="true" signature="tearDown()[pri:0, instance:com.crm.qa.testcases.HomePageTest@117159c0]" started-at="2024-09-29T17:49:42 EDT" name="tearDown" finished-at="2024-09-29T17:49:42 EDT" duration-ms="149" status="PASS">
          <reporter-output>
          </reporter-output>
        </test-method> <!-- tearDown -->
        <test-method is-config="true" signature="setup()[pri:0, instance:com.crm.qa.testcases.HomePageTest@117159c0]" started-at="2024-09-29T17:49:42 EDT" name="setup" finished-at="2024-09-29T17:49:48 EDT" duration-ms="5806" status="PASS">
          <reporter-output>
          </reporter-output>
        </test-method> <!-- setup -->
        <test-method signature="verifyContactsLinkTest()[pri:3, instance:com.crm.qa.testcases.HomePageTest@117159c0]" started-at="2024-09-29T17:49:48 EDT" name="verifyContactsLinkTest" finished-at="2024-09-29T17:49:52 EDT" duration-ms="3524" status="PASS">
          <reporter-output>
          </reporter-output>
        </test-method> <!-- verifyContactsLinkTest -->
        <test-method is-config="true" signature="tearDown()[pri:0, instance:com.crm.qa.testcases.HomePageTest@117159c0]" started-at="2024-09-29T17:49:52 EDT" name="tearDown" finished-at="2024-09-29T17:49:52 EDT" duration-ms="177" status="PASS">
          <reporter-output>
          </reporter-output>
        </test-method> <!-- tearDown -->
      </class> <!-- com.crm.qa.testcases.HomePageTest -->
      <class name="com.crm.qa.testcases.ContactsPageTest">
        <test-method is-config="true" signature="setup()[pri:0, instance:com.crm.qa.testcases.ContactsPageTest@3e27ba32]" started-at="2024-09-29T17:49:52 EDT" name="setup" finished-at="2024-09-29T17:50:00 EDT" duration-ms="8468" status="PASS">
          <reporter-output>
          </reporter-output>
        </test-method> <!-- setup -->
        <test-method signature="verifyContactsPageLabelTest()[pri:1, instance:com.crm.qa.testcases.ContactsPageTest@3e27ba32]" started-at="2024-09-29T17:50:00 EDT" name="verifyContactsPageLabelTest" finished-at="2024-09-29T17:50:02 EDT" duration-ms="1124" status="PASS">
          <reporter-output>
          </reporter-output>
        </test-method> <!-- verifyContactsPageLabelTest -->
        <test-method is-config="true" signature="tearDown()[pri:0, instance:com.crm.qa.testcases.ContactsPageTest@3e27ba32]" started-at="2024-09-29T17:50:02 EDT" name="tearDown" finished-at="2024-09-29T17:50:02 EDT" duration-ms="188" status="PASS">
          <reporter-output>
          </reporter-output>
        </test-method> <!-- tearDown -->
        <test-method is-config="true" signature="setup()[pri:0, instance:com.crm.qa.testcases.ContactsPageTest@3e27ba32]" started-at="2024-09-29T17:50:02 EDT" name="setup" finished-at="2024-09-29T17:50:11 EDT" duration-ms="8747" status="PASS">
          <reporter-output>
          </reporter-output>
        </test-method> <!-- setup -->
        <test-method signature="selectContactByNameTest()[pri:2, instance:com.crm.qa.testcases.ContactsPageTest@3e27ba32]" started-at="2024-09-29T17:50:11 EDT" name="selectContactByNameTest" finished-at="2024-09-29T17:50:12 EDT" duration-ms="1165" status="PASS">
          <reporter-output>
          </reporter-output>
        </test-method> <!-- selectContactByNameTest -->
        <test-method is-config="true" signature="tearDown()[pri:0, instance:com.crm.qa.testcases.ContactsPageTest@3e27ba32]" started-at="2024-09-29T17:50:12 EDT" name="tearDown" finished-at="2024-09-29T17:50:12 EDT" duration-ms="203" status="PASS">
          <reporter-output>
          </reporter-output>
        </test-method> <!-- tearDown -->
        <test-method is-config="true" signature="setup()[pri:0, instance:com.crm.qa.testcases.ContactsPageTest@3e27ba32]" started-at="2024-09-29T17:50:13 EDT" name="setup" finished-at="2024-09-29T17:50:22 EDT" duration-ms="8847" status="PASS">
          <reporter-output>
          </reporter-output>
        </test-method> <!-- setup -->
        <test-method signature="validateCreateNewContact(java.lang.String,java.lang.String,java.lang.String,java.lang.String)[pri:3, instance:com.crm.qa.testcases.ContactsPageTest@3e27ba32]" started-at="2024-09-29T17:50:22 EDT" name="validateCreateNewContact" data-provider="getCRMTestData" finished-at="2024-09-29T17:50:35 EDT" duration-ms="13441" status="PASS">
          <params>
            <param index="0">
              <value>
                <![CDATA[Mr. ]]>
              </value>
            </param>
            <param index="1">
              <value>
                <![CDATA[Tom]]>
              </value>
            </param>
            <param index="2">
              <value>
                <![CDATA[Peter]]>
              </value>
            </param>
            <param index="3">
              <value>
                <![CDATA[Google]]>
              </value>
            </param>
          </params>
          <reporter-output>
          </reporter-output>
        </test-method> <!-- validateCreateNewContact -->
        <test-method is-config="true" signature="tearDown()[pri:0, instance:com.crm.qa.testcases.ContactsPageTest@3e27ba32]" started-at="2024-09-29T17:50:35 EDT" name="tearDown" finished-at="2024-09-29T17:50:37 EDT" duration-ms="1768" status="PASS">
          <reporter-output>
          </reporter-output>
        </test-method> <!-- tearDown -->
        <test-method is-config="true" signature="setup()[pri:0, instance:com.crm.qa.testcases.ContactsPageTest@3e27ba32]" started-at="2024-09-29T17:50:37 EDT" name="setup" finished-at="2024-09-29T17:50:46 EDT" duration-ms="8773" status="PASS">
          <reporter-output>
          </reporter-output>
        </test-method> <!-- setup -->
        <test-method signature="validateCreateNewContact(java.lang.String,java.lang.String,java.lang.String,java.lang.String)[pri:3, instance:com.crm.qa.testcases.ContactsPageTest@3e27ba32]" started-at="2024-09-29T17:50:46 EDT" name="validateCreateNewContact" data-provider="getCRMTestData" finished-at="2024-09-29T17:50:49 EDT" duration-ms="3124" status="PASS">
          <params>
            <param index="0">
              <value>
                <![CDATA[Dr.]]>
              </value>
            </param>
            <param index="1">
              <value>
                <![CDATA[Jackson]]>
              </value>
            </param>
            <param index="2">
              <value>
                <![CDATA[Cris]]>
              </value>
            </param>
            <param index="3">
              <value>
                <![CDATA[Amazon]]>
              </value>
            </param>
          </params>
          <reporter-output>
          </reporter-output>
        </test-method> <!-- validateCreateNewContact -->
        <test-method is-config="true" signature="tearDown()[pri:0, instance:com.crm.qa.testcases.ContactsPageTest@3e27ba32]" started-at="2024-09-29T17:50:49 EDT" name="tearDown" finished-at="2024-09-29T17:50:49 EDT" duration-ms="315" status="PASS">
          <reporter-output>
          </reporter-output>
        </test-method> <!-- tearDown -->
        <test-method is-config="true" signature="setup()[pri:0, instance:com.crm.qa.testcases.ContactsPageTest@3e27ba32]" started-at="2024-09-29T17:50:49 EDT" name="setup" finished-at="2024-09-29T17:50:58 EDT" duration-ms="8778" status="PASS">
          <reporter-output>
          </reporter-output>
        </test-method> <!-- setup -->
        <test-method signature="validateCreateNewContact(java.lang.String,java.lang.String,java.lang.String,java.lang.String)[pri:3, instance:com.crm.qa.testcases.ContactsPageTest@3e27ba32]" started-at="2024-09-29T17:50:58 EDT" name="validateCreateNewContact" data-provider="getCRMTestData" finished-at="2024-09-29T17:51:11 EDT" duration-ms="12947" status="PASS">
          <params>
            <param index="0">
              <value>
                <![CDATA[Mrs. ]]>
              </value>
            </param>
            <param index="1">
              <value>
                <![CDATA[Mukta]]>
              </value>
            </param>
            <param index="2">
              <value>
                <![CDATA[Sharma]]>
              </value>
            </param>
            <param index="3">
              <value>
                <![CDATA[Ben]]>
              </value>
            </param>
          </params>
          <reporter-output>
          </reporter-output>
        </test-method> <!-- validateCreateNewContact -->
        <test-method is-config="true" signature="tearDown()[pri:0, instance:com.crm.qa.testcases.ContactsPageTest@3e27ba32]" started-at="2024-09-29T17:51:11 EDT" name="tearDown" finished-at="2024-09-29T17:51:11 EDT" duration-ms="183" status="PASS">
          <reporter-output>
          </reporter-output>
        </test-method> <!-- tearDown -->
      </class> <!-- com.crm.qa.testcases.ContactsPageTest -->
      <class name="com.crm.qa.testcases.LoginPageTest">
        <test-method is-config="true" signature="setupSuite()[pri:0, instance:com.crm.qa.testcases.LoginPageTest@27406a17]" started-at="2024-09-29T17:49:10 EDT" name="setupSuite" finished-at="2024-09-29T17:49:10 EDT" duration-ms="303" status="PASS">
          <reporter-output>
          </reporter-output>
        </test-method> <!-- setupSuite -->
        <test-method is-config="true" signature="setup()[pri:0, instance:com.crm.qa.testcases.LoginPageTest@27406a17]" started-at="2024-09-29T17:49:10 EDT" name="setup" finished-at="2024-09-29T17:49:14 EDT" duration-ms="4303" status="PASS">
          <reporter-output>
          </reporter-output>
        </test-method> <!-- setup -->
        <test-method signature="loginPageTitleTest()[pri:1, instance:com.crm.qa.testcases.LoginPageTest@27406a17]" started-at="2024-09-29T17:49:14 EDT" name="loginPageTitleTest" finished-at="2024-09-29T17:49:14 EDT" duration-ms="28" status="PASS">
          <reporter-output>
          </reporter-output>
        </test-method> <!-- loginPageTitleTest -->
        <test-method is-config="true" signature="tearDown()[pri:0, instance:com.crm.qa.testcases.LoginPageTest@27406a17]" started-at="2024-09-29T17:49:14 EDT" name="tearDown" finished-at="2024-09-29T17:49:15 EDT" duration-ms="213" status="PASS">
          <reporter-output>
          </reporter-output>
        </test-method> <!-- tearDown -->
        <test-method is-config="true" signature="setup()[pri:0, instance:com.crm.qa.testcases.LoginPageTest@27406a17]" started-at="2024-09-29T17:49:15 EDT" name="setup" finished-at="2024-09-29T17:49:18 EDT" duration-ms="3544" status="PASS">
          <reporter-output>
          </reporter-output>
        </test-method> <!-- setup -->
        <test-method signature="crmLogoImageTest()[pri:2, instance:com.crm.qa.testcases.LoginPageTest@27406a17]" started-at="2024-09-29T17:49:18 EDT" name="crmLogoImageTest" finished-at="2024-09-29T17:49:18 EDT" duration-ms="56" status="PASS">
          <reporter-output>
          </reporter-output>
        </test-method> <!-- crmLogoImageTest -->
        <test-method is-config="true" signature="tearDown()[pri:0, instance:com.crm.qa.testcases.LoginPageTest@27406a17]" started-at="2024-09-29T17:49:18 EDT" name="tearDown" finished-at="2024-09-29T17:49:18 EDT" duration-ms="147" status="PASS">
          <reporter-output>
          </reporter-output>
        </test-method> <!-- tearDown -->
        <test-method is-config="true" signature="setup()[pri:0, instance:com.crm.qa.testcases.LoginPageTest@27406a17]" started-at="2024-09-29T17:49:18 EDT" name="setup" finished-at="2024-09-29T17:49:22 EDT" duration-ms="3345" status="PASS">
          <reporter-output>
          </reporter-output>
        </test-method> <!-- setup -->
        <test-method signature="loginTest()[pri:3, instance:com.crm.qa.testcases.LoginPageTest@27406a17]" started-at="2024-09-29T17:49:22 EDT" name="loginTest" finished-at="2024-09-29T17:49:25 EDT" duration-ms="2853" status="PASS">
          <reporter-output>
          </reporter-output>
        </test-method> <!-- loginTest -->
        <test-method is-config="true" signature="tearDown()[pri:0, instance:com.crm.qa.testcases.LoginPageTest@27406a17]" started-at="2024-09-29T17:49:25 EDT" name="tearDown" finished-at="2024-09-29T17:49:25 EDT" duration-ms="470" status="PASS">
          <reporter-output>
          </reporter-output>
        </test-method> <!-- tearDown -->
        <test-method is-config="true" signature="tearDownSuite()[pri:0, instance:com.crm.qa.testcases.LoginPageTest@27406a17]" started-at="2024-09-29T17:51:11 EDT" name="tearDownSuite" finished-at="2024-09-29T17:51:11 EDT" duration-ms="31" status="PASS">
          <reporter-output>
          </reporter-output>
        </test-method> <!-- tearDownSuite -->
      </class> <!-- com.crm.qa.testcases.LoginPageTest -->
    </test> <!-- Test -->
  </suite> <!-- Suite -->
</testng-results>
